TN:
SF:eslint.config.js
FN:1,(empty-report)
FNF:1
FNH:0
FNDA:0,(empty-report)
DA:1,0
DA:2,0
DA:3,0
DA:4,0
DA:5,0
DA:6,0
DA:7,0
DA:8,0
DA:9,0
DA:10,0
DA:11,0
DA:12,0
DA:13,0
DA:14,0
DA:15,0
DA:16,0
DA:17,0
DA:18,0
DA:19,0
DA:20,0
DA:21,0
DA:22,0
DA:23,0
DA:24,0
DA:25,0
DA:26,0
DA:27,0
DA:28,0
DA:29,0
LF:29
LH:0
BRDA:1,0,0,0
BRF:1
BRH:0
end_of_record
TN:
SF:src\App.jsx
FN:17,fmt
FN:18,monthKey
FN:23,App
FN:30,load
FN:61,submit
FN:73,remove
FN:91,onChange
FN:95,onChange
FN:101,onChange
FN:105,onChange
FN:116,onChange
FN:120,onChange
FN:125,onClick
FN:182,onClick
FNF:14
FNH:13
FNDA:244,fmt
FNDA:28,monthKey
FNDA:92,App
FNDA:19,load
FNDA:6,submit
FNDA:1,remove
FNDA:6,onChange
FNDA:1,onChange
FNDA:31,onChange
FNDA:2,onChange
FNDA:17,onChange
FNDA:0,onChange
FNDA:1,onClick
FNDA:1,onClick
DA:1,1
DA:2,1
DA:3,1
DA:7,1
DA:9,1
DA:11,1
DA:12,1
DA:13,1
DA:14,1
DA:17,1
DA:18,1
DA:19,28
DA:20,28
DA:21,28
DA:23,92
DA:24,92
DA:25,92
DA:26,92
DA:27,92
DA:28,92
DA:30,92
DA:31,19
DA:32,19
DA:33,19
DA:34,19
DA:35,19
DA:37,92
DA:39,92
DA:42,92
DA:43,30
DA:44,30
DA:45,28
DA:46,28
DA:47,28
DA:48,30
DA:49,92
DA:52,92
DA:53,30
DA:54,30
DA:55,28
DA:56,28
DA:57,28
DA:58,30
DA:59,92
DA:61,92
DA:62,6
DA:63,6
DA:64,6
DA:65,3
DA:66,3
DA:67,3
DA:68,3
DA:69,3
DA:70,3
DA:71,6
DA:73,92
DA:74,1
DA:75,1
DA:76,1
DA:77,1
DA:79,92
DA:80,92
DA:82,92
DA:83,92
DA:84,92
DA:85,92
DA:88,92
DA:89,92
DA:90,92
DA:91,92
DA:92,92
DA:93,92
DA:94,92
DA:95,92
DA:96,92
DA:97,92
DA:98,92
DA:99,92
DA:100,92
DA:101,92
DA:102,92
DA:103,92
DA:104,92
DA:105,92
DA:106,92
DA:107,92
DA:108,92
DA:109,92
DA:110,92
DA:111,92
DA:112,92
DA:113,92
DA:114,92
DA:115,92
DA:116,92
DA:117,92
DA:118,92
DA:119,92
DA:120,92
DA:121,92
DA:123,92
DA:124,92
DA:125,92
DA:127,92
DA:128,92
DA:129,92
DA:132,92
DA:133,92
DA:134,92
DA:135,92
DA:136,92
DA:137,92
DA:138,92
DA:139,92
DA:140,92
DA:141,92
DA:142,92
DA:143,92
DA:144,92
DA:145,92
DA:146,92
DA:147,92
DA:148,92
DA:149,92
DA:150,92
DA:151,92
DA:152,92
DA:153,92
DA:154,92
DA:155,92
DA:156,92
DA:157,92
DA:158,92
DA:161,92
DA:162,92
DA:163,92
DA:164,77
DA:165,77
DA:166,77
DA:167,77
DA:168,77
DA:169,77
DA:170,77
DA:171,77
DA:172,77
DA:173,152
DA:174,152
DA:175,152
DA:176,152
DA:177,152
DA:178,152
DA:179,152
DA:180,152
DA:181,152
DA:182,152
DA:183,152
DA:184,152
DA:185,152
DA:186,77
DA:187,77
DA:188,77
DA:189,77
DA:190,77
DA:192,92
DA:193,92
DA:195,92
LF:166
LH:166
BRDA:17,0,0,244
BRDA:17,1,0,0
BRDA:18,2,0,28
BRDA:23,3,0,92
BRDA:163,4,0,15
BRDA:163,5,0,77
BRDA:187,6,0,1
BRDA:30,7,0,19
BRDA:37,8,0,15
BRDA:39,9,0,30
BRDA:39,10,0,28
BRDA:39,11,0,0
BRDA:42,12,0,30
BRDA:44,13,0,28
BRDA:46,14,0,14
BRDA:46,15,0,0
BRDA:48,16,0,14
BRDA:52,17,0,30
BRDA:54,18,0,28
BRDA:55,19,0,0
BRDA:56,20,0,0
BRDA:58,21,0,28
BRDA:61,22,0,6
BRDA:64,23,0,5
BRDA:64,24,0,4
BRDA:64,25,0,3
BRDA:73,26,0,1
BRDA:74,27,0,0
BRDA:91,28,0,6
BRDA:95,29,0,1
BRDA:96,30,0,828
BRDA:101,31,0,31
BRDA:105,32,0,2
BRDA:116,33,0,17
BRDA:125,34,0,1
BRDA:151,35,0,152
BRDA:172,36,0,152
BRDA:182,37,0,1
BRF:38
BRH:32
end_of_record
TN:
SF:src\main.jsx
FN:1,(empty-report)
FNF:1
FNH:0
FNDA:0,(empty-report)
DA:1,0
DA:2,0
DA:3,0
DA:4,0
DA:5,0
DA:6,0
DA:7,0
DA:8,0
DA:9,0
DA:10,0
LF:10
LH:0
BRDA:1,0,0,0
BRF:1
BRH:0
end_of_record
